00:26:29.976 DEBUG demo.Log4jDemo -Debug Message Logged
00:26:30.000 ERROR demo.Log4jDemo -Error Message Logged
00:26:58.341 DEBUG demo.Log4jDemo -Debug Message Logged
00:26:58.343 ERROR demo.Log4jDemo -Error Message Logged
00:30:32.493 DEBUG demo.Log4jDemo -Debug Message Logged
00:30:32.495 ERROR demo.Log4jDemo -Error Message Logged
00:31:11.784 DEBUG demo.LoggingConsole -Debug Message Logged
00:31:11.786 ERROR demo.LoggingConsole -Error Message Logged
00:31:11.786 FATAL demo.LoggingConsole -Fatal Message Debugged
00:34:34.755 DEBUG demo.LoggingConsole -Debug Message Logged
00:34:34.757 ERROR demo.LoggingConsole -Error Message Logged
00:34:34.758 FATAL demo.LoggingConsole -Fatal Message Debugged
00:38:35.606 DEBUG demo.LoggingConsole -Debug Message Logged
00:38:35.608 ERROR demo.LoggingConsole -Error Message Logged
00:38:35.608 FATAL demo.LoggingConsole -Fatal Message Debugged
00:38:54.957 DEBUG demo.Log4jDemo -Debug Message Logged
00:38:54.959 ERROR demo.Log4jDemo -Error Message Logged
00:39:54.391 DEBUG demo.LoggingConsole -Debug Message Logged
00:39:54.394 ERROR demo.LoggingConsole -Error Message Logged
00:39:54.394 FATAL demo.LoggingConsole -Fatal Message Debugged
